app/build/outputs/logs/manifest-merger-debug-report.txt
-- Merging decision tree log ---
manifest
ADDED from src/main/AndroidManifest.xml:1:1-61:12
	xmlns:android
		ADDED from src/main/AndroidManifest.xml:1:11-69
	package
		ADDED from src/main/AndroidManifest.xml:2:5-55
		INJECTED from src/main/AndroidManifest.xml
		INJECTED from src/main/AndroidManifest.xml
	android:versionName
		ADDED from src/main/AndroidManifest.xml:4:5-32
		INJECTED from src/main/AndroidManifest.xml
		INJECTED from src/main/AndroidManifest.xml
	android:versionCode
		ADDED from src/main/AndroidManifest.xml:3:5-28
		INJECTED from src/main/AndroidManifest.xml
		INJECTED from src/main/AndroidManifest.xml
uses-sdk
ADDED from src/main/AndroidManifest.xml:6:5-8:41
	android:targetSdkVersion
		ADDED from src/main/AndroidManifest.xml:8:9-38
		INJECTED from src/main/AndroidManifest.xml
		INJECTED from src/main/AndroidManifest.xml
	android:minSdkVersion
		ADDED from src/main/AndroidManifest.xml:7:9-34
		INJECTED from src/main/AndroidManifest.xml
		INJECTED from src/main/AndroidManifest.xml
uses-feature#android.software.live_wallpaper
ADDED from src/main/AndroidManifest.xml:10:5-12:35
	android:required
		ADDED from src/main/AndroidManifest.xml:12:9-32
	android:name
		ADDED from src/main/AndroidManifest.xml:11:9-55
uses-permission#android.permission.SET_WALLPAPER
ADDED from src/main/AndroidManifest.xml:14:5-72
	android:name
		ADDED from src/main/AndroidManifest.xml:14:22-69
uses-permission#android.permission.INTERNET
ADDED from src/main/AndroidManifest.xml:15:5-67
	android:name
		ADDED from src/main/AndroidManifest.xml:15:22-64
uses-permission#android.permission.ACCESS_NETWORK_STATE
ADDED from src/main/AndroidManifest.xml:16:5-79
	android:name
		ADDED from src/main/AndroidManifest.xml:16:22-76
uses-permission#android.permission.READ_EXTERNAL_STORAGE
ADDED from src/main/AndroidManifest.xml:17:5-80
	android:name
		ADDED from src/main/AndroidManifest.xml:17:22-77
uses-permission#android.permission.WRITE_EXTERNAL_STORAGE
ADDED from src/main/AndroidManifest.xml:18:5-81
	android:name
		ADDED from src/main/AndroidManifest.xml:18:22-78
application
ADDED from src/main/AndroidManifest.xml:20:5-59:19
	android:label
		ADDED from src/main/AndroidManifest.xml:22:9-41
	android:icon
		ADDED from src/main/AndroidManifest.xml:21:9-54
	android:theme
		ADDED from src/main/AndroidManifest.xml:23:9-40
meta-data#com.google.android.gms.version
ADDED from src/main/AndroidManifest.xml:24:9-25:71
	android:name
		ADDED from src/main/AndroidManifest.xml:24:20-65
	android:value
		ADDED from src/main/AndroidManifest.xml:25:16-69
service#com.apps.interestingapps.multibackground.MyWallpaperService
ADDED from src/main/AndroidManifest.xml:26:9-38:19
	android:label
		ADDED from src/main/AndroidManifest.xml:29:13-45
	android:enabled
		ADDED from src/main/AndroidManifest.xml:28:13-35
	android:permission
		ADDED from src/main/AndroidManifest.xml:30:13-67
	android:name
		ADDED from src/main/AndroidManifest.xml:27:13-46
intent-filter#android.service.wallpaper.WallpaperService
ADDED from src/main/AndroidManifest.xml:31:13-33:29
action#android.service.wallpaper.WallpaperService
ADDED from src/main/AndroidManifest.xml:32:17-85
	android:name
		ADDED from src/main/AndroidManifest.xml:32:25-82
meta-data#android.service.wallpaper
ADDED from src/main/AndroidManifest.xml:35:13-37:55
	android:resource
		ADDED from src/main/AndroidManifest.xml:37:17-52
	android:name
		ADDED from src/main/AndroidManifest.xml:36:17-57
activity#com.apps.interestingapps.multibackground.SetWallpaperActivity
ADDED from src/main/AndroidManifest.xml:40:9-49:20
	android:label
		ADDED from src/main/AndroidManifest.xml:43:13-45
	android:configChanges
		ADDED from src/main/AndroidManifest.xml:42:13-74
	android:name
		ADDED from src/main/AndroidManifest.xml:41:13-49
intent-filter#android.intent.action.MAIN+android.intent.category.LAUNCHER
ADDED from src/main/AndroidManifest.xml:44:13-48:29
action#android.intent.action.MAIN
ADDED from src/main/AndroidManifest.xml:45:17-69
	android:name
		ADDED from src/main/AndroidManifest.xml:45:25-66
category#android.intent.category.LAUNCHER
ADDED from src/main/AndroidManifest.xml:47:17-77
	android:name
		ADDED from src/main/AndroidManifest.xml:47:27-74
activity#com.google.android.gms.ads.AdActivity
ADDED from src/main/AndroidManifest.xml:53:13-54:125
	android:configChanges
		ADDED from src/main/AndroidManifest.xml:54:14-123
	android:name
		ADDED from src/main/AndroidManifest.xml:53:23-75
activity#com.apps.interestingapps.multibackground.MyPreferencesActivity
ADDED from src/main/AndroidManifest.xml:56:9-58:39
	android:label
		ADDED from src/main/AndroidManifest.xml:57:13-45
	android:exported
		ADDED from src/main/AndroidManifest.xml:58:13-36
	android:name
		ADDED from src/main/AndroidManifest.xml:56:19-56